{"C:\\Users\\Evan\\Documents\\smart-wand-app\\App.js": {"path":"C:\\Users\\Evan\\Documents\\smart-wand-app\\App.js","statementMap":{"0":{"start":{"line":21,"column":12},"end":{"line":21,"column":46}},"1":{"start":{"line":22,"column":24},"end":{"line":22,"column":48}},"2":{"start":{"line":25,"column":2},"end":{"line":73,"column":4}},"3":{"start":{"line":38,"column":12},"end":{"line":38,"column":68}},"4":{"start":{"line":48,"column":12},"end":{"line":48,"column":61}},"5":{"start":{"line":58,"column":12},"end":{"line":58,"column":66}},"6":{"start":{"line":68,"column":12},"end":{"line":68,"column":74}},"7":{"start":{"line":76,"column":14},"end":{"line":76,"column":36}},"8":{"start":{"line":79,"column":34},"end":{"line":79,"column":52}},"9":{"start":{"line":80,"column":34},"end":{"line":80,"column":52}},"10":{"start":{"line":82,"column":21},"end":{"line":82,"column":50}},"11":{"start":{"line":84,"column":2},"end":{"line":140,"column":4}},"12":{"start":{"line":128,"column":23},"end":{"line":128,"column":53}},"13":{"start":{"line":144,"column":28},"end":{"line":172,"column":3}},"14":{"start":{"line":146,"column":6},"end":{"line":165,"column":7}},"15":{"start":{"line":148,"column":10},"end":{"line":152,"column":12}},"16":{"start":{"line":154,"column":10},"end":{"line":158,"column":12}},"17":{"start":{"line":160,"column":10},"end":{"line":164,"column":12}},"18":{"start":{"line":179,"column":2},"end":{"line":198,"column":9}},"19":{"start":{"line":181,"column":27},"end":{"line":195,"column":5}},"20":{"start":{"line":184,"column":6},"end":{"line":188,"column":7}},"21":{"start":{"line":185,"column":8},"end":{"line":185,"column":64}},"22":{"start":{"line":194,"column":6},"end":{"line":194,"column":60}},"23":{"start":{"line":197,"column":4},"end":{"line":197,"column":21}},"24":{"start":{"line":200,"column":22},"end":{"line":221,"column":3}},"25":{"start":{"line":201,"column":11},"end":{"line":219,"column":5}},"26":{"start":{"line":208,"column":8},"end":{"line":208,"column":65}},"27":{"start":{"line":210,"column":21},"end":{"line":210,"column":51}},"28":{"start":{"line":217,"column":8},"end":{"line":217,"column":65}},"29":{"start":{"line":223,"column":2},"end":{"line":256,"column":4}},"30":{"start":{"line":259,"column":15},"end":{"line":309,"column":2}}},"fnMap":{"0":{"name":"Tabs","decl":{"start":{"line":24,"column":16},"end":{"line":24,"column":20}},"loc":{"start":{"line":24,"column":23},"end":{"line":74,"column":1}},"line":24},"1":{"name":"(anonymous_1)","decl":{"start":{"line":37,"column":22},"end":{"line":37,"column":23}},"loc":{"start":{"line":38,"column":12},"end":{"line":38,"column":68}},"line":38},"2":{"name":"(anonymous_2)","decl":{"start":{"line":47,"column":22},"end":{"line":47,"column":23}},"loc":{"start":{"line":48,"column":12},"end":{"line":48,"column":61}},"line":48},"3":{"name":"(anonymous_3)","decl":{"start":{"line":57,"column":22},"end":{"line":57,"column":23}},"loc":{"start":{"line":58,"column":12},"end":{"line":58,"column":66}},"line":58},"4":{"name":"(anonymous_4)","decl":{"start":{"line":67,"column":22},"end":{"line":67,"column":23}},"loc":{"start":{"line":68,"column":12},"end":{"line":68,"column":74}},"line":68},"5":{"name":"SignInScreen","decl":{"start":{"line":78,"column":9},"end":{"line":78,"column":21}},"loc":{"start":{"line":78,"column":24},"end":{"line":141,"column":1}},"line":78},"6":{"name":"(anonymous_6)","decl":{"start":{"line":121,"column":17},"end":{"line":121,"column":18}},"loc":{"start":{"line":121,"column":23},"end":{"line":121,"column":25}},"line":121},"7":{"name":"(anonymous_7)","decl":{"start":{"line":128,"column":17},"end":{"line":128,"column":18}},"loc":{"start":{"line":128,"column":23},"end":{"line":128,"column":53}},"line":128},"8":{"name":"(anonymous_8)","decl":{"start":{"line":135,"column":17},"end":{"line":135,"column":18}},"loc":{"start":{"line":135,"column":23},"end":{"line":135,"column":25}},"line":135},"9":{"name":"App","decl":{"start":{"line":143,"column":24},"end":{"line":143,"column":27}},"loc":{"start":{"line":143,"column":30},"end":{"line":257,"column":1}},"line":143},"10":{"name":"(anonymous_10)","decl":{"start":{"line":145,"column":4},"end":{"line":145,"column":5}},"loc":{"start":{"line":145,"column":27},"end":{"line":166,"column":5}},"line":145},"11":{"name":"(anonymous_11)","decl":{"start":{"line":179,"column":18},"end":{"line":179,"column":19}},"loc":{"start":{"line":179,"column":24},"end":{"line":198,"column":3}},"line":179},"12":{"name":"(anonymous_12)","decl":{"start":{"line":181,"column":27},"end":{"line":181,"column":28}},"loc":{"start":{"line":181,"column":39},"end":{"line":195,"column":5}},"line":181},"13":{"name":"(anonymous_13)","decl":{"start":{"line":201,"column":4},"end":{"line":201,"column":5}},"loc":{"start":{"line":201,"column":11},"end":{"line":219,"column":5}},"line":201},"14":{"name":"(anonymous_14)","decl":{"start":{"line":202,"column":14},"end":{"line":202,"column":15}},"loc":{"start":{"line":202,"column":28},"end":{"line":209,"column":7}},"line":202},"15":{"name":"(anonymous_15)","decl":{"start":{"line":210,"column":15},"end":{"line":210,"column":16}},"loc":{"start":{"line":210,"column":21},"end":{"line":210,"column":51}},"line":210},"16":{"name":"(anonymous_16)","decl":{"start":{"line":211,"column":14},"end":{"line":211,"column":15}},"loc":{"start":{"line":211,"column":28},"end":{"line":218,"column":7}},"line":211}},"branchMap":{"0":{"loc":{"start":{"line":146,"column":6},"end":{"line":165,"column":7}},"type":"switch","locations":[{"start":{"line":147,"column":8},"end":{"line":152,"column":12}},{"start":{"line":153,"column":8},"end":{"line":158,"column":12}},{"start":{"line":159,"column":8},"end":{"line":164,"column":12}}],"line":146},"1":{"loc":{"start":{"line":227,"column":11},"end":{"line":252,"column":11}},"type":"cond-expr","locations":[{"start":{"line":228,"column":12},"end":{"line":245,"column":14}},{"start":{"line":247,"column":12},"end":{"line":251,"column":14}}],"line":227},"2":{"loc":{"start":{"line":241,"column":41},"end":{"line":241,"column":73}},"type":"cond-expr","locations":[{"start":{"line":241,"column":59},"end":{"line":241,"column":64}},{"start":{"line":241,"column":67},"end":{"line":241,"column":73}}],"line":241}},"s":{"0":1,"1":1,"2":0,"3":0,"4":0,"5":0,"6":0,"7":1,"8":2,"9":2,"10":2,"11":2,"12":0,"13":2,"14":0,"15":0,"16":0,"17":0,"18":2,"19":2,"20":2,"21":2,"22":0,"23":2,"24":2,"25":2,"26":0,"27":0,"28":0,"29":2,"30":1},"f":{"0":0,"1":0,"2":0,"3":0,"4":0,"5":2,"6":0,"7":0,"8":0,"9":2,"10":0,"11":2,"12":2,"13":2,"14":0,"15":0,"16":0},"b":{"0":[0,0,0],"1":[2,0],"2":[0,2]},"_coverageSchema":"1a1c01bbd47fc00a2c39e90264f33305004495a9","hash":"412f14f175cc26f535aea97274343d0db0c6179e"}
,"C:\\Users\\Evan\\Documents\\smart-wand-app\\components\\Account.js": {"path":"C:\\Users\\Evan\\Documents\\smart-wand-app\\components\\Account.js","statementMap":{"0":{"start":{"line":8,"column":14},"end":{"line":8,"column":36}},"1":{"start":{"line":11,"column":14},"end":{"line":11,"column":32}},"2":{"start":{"line":20,"column":6},"end":{"line":27,"column":8}},"3":{"start":{"line":23,"column":68},"end":{"line":23,"column":114}},"4":{"start":{"line":30,"column":2},"end":{"line":38,"column":3}},"5":{"start":{"line":41,"column":15},"end":{"line":47,"column":2}}},"fnMap":{"0":{"name":"Account","decl":{"start":{"line":10,"column":16},"end":{"line":10,"column":23}},"loc":{"start":{"line":10,"column":26},"end":{"line":39,"column":1}},"line":10},"1":{"name":"Default","decl":{"start":{"line":19,"column":11},"end":{"line":19,"column":18}},"loc":{"start":{"line":19,"column":21},"end":{"line":28,"column":3}},"line":19},"2":{"name":"(anonymous_2)","decl":{"start":{"line":23,"column":61},"end":{"line":23,"column":62}},"loc":{"start":{"line":23,"column":67},"end":{"line":23,"column":115}},"line":23}},"branchMap":{"0":{"loc":{"start":{"line":23,"column":68},"end":{"line":23,"column":114}},"type":"binary-expr","locations":[{"start":{"line":23,"column":68},"end":{"line":23,"column":79}},{"start":{"line":23,"column":83},"end":{"line":23,"column":114}}],"line":23}},"s":{"0":2,"1":1,"2":1,"3":0,"4":1,"5":2},"f":{"0":1,"1":1,"2":0},"b":{"0":[0,0]},"_coverageSchema":"1a1c01bbd47fc00a2c39e90264f33305004495a9","hash":"953335359b60f456255fc5451144cf93a1f3adec"}
,"C:\\Users\\Evan\\Documents\\smart-wand-app\\components\\AuthContext.js": {"path":"C:\\Users\\Evan\\Documents\\smart-wand-app\\components\\AuthContext.js","statementMap":{"0":{"start":{"line":3,"column":20},"end":{"line":3,"column":41}}},"fnMap":{},"branchMap":{},"s":{"0":1},"f":{},"b":{},"_coverageSchema":"1a1c01bbd47fc00a2c39e90264f33305004495a9","hash":"ca8a708b03ad696fe2d82eed9bb9e33e70d44dfe"}
,"C:\\Users\\Evan\\Documents\\smart-wand-app\\components\\Background.js": {"path":"C:\\Users\\Evan\\Documents\\smart-wand-app\\components\\Background.js","statementMap":{"0":{"start":{"line":6,"column":24},"end":{"line":6,"column":48}},"1":{"start":{"line":11,"column":23},"end":{"line":56,"column":1}},"2":{"start":{"line":12,"column":24},"end":{"line":12,"column":55}},"3":{"start":{"line":14,"column":27},"end":{"line":24,"column":5}},"4":{"start":{"line":15,"column":8},"end":{"line":15,"column":30}},"5":{"start":{"line":16,"column":8},"end":{"line":23,"column":11}},"6":{"start":{"line":22,"column":12},"end":{"line":22,"column":33}},"7":{"start":{"line":26,"column":4},"end":{"line":55,"column":5}},"8":{"start":{"line":58,"column":23},"end":{"line":103,"column":1}},"9":{"start":{"line":59,"column":24},"end":{"line":59,"column":55}},"10":{"start":{"line":61,"column":27},"end":{"line":71,"column":5}},"11":{"start":{"line":62,"column":8},"end":{"line":62,"column":30}},"12":{"start":{"line":63,"column":8},"end":{"line":70,"column":11}},"13":{"start":{"line":69,"column":12},"end":{"line":69,"column":33}},"14":{"start":{"line":73,"column":4},"end":{"line":102,"column":5}},"15":{"start":{"line":105,"column":23},"end":{"line":150,"column":1}},"16":{"start":{"line":106,"column":24},"end":{"line":106,"column":55}},"17":{"start":{"line":108,"column":27},"end":{"line":118,"column":5}},"18":{"start":{"line":109,"column":8},"end":{"line":109,"column":30}},"19":{"start":{"line":110,"column":8},"end":{"line":117,"column":11}},"20":{"start":{"line":116,"column":12},"end":{"line":116,"column":33}},"21":{"start":{"line":120,"column":4},"end":{"line":149,"column":5}}},"fnMap":{"0":{"name":"(anonymous_0)","decl":{"start":{"line":11,"column":23},"end":{"line":11,"column":24}},"loc":{"start":{"line":11,"column":29},"end":{"line":56,"column":1}},"line":11},"1":{"name":"(anonymous_1)","decl":{"start":{"line":14,"column":27},"end":{"line":14,"column":28}},"loc":{"start":{"line":14,"column":33},"end":{"line":24,"column":5}},"line":14},"2":{"name":"(anonymous_2)","decl":{"start":{"line":21,"column":17},"end":{"line":21,"column":18}},"loc":{"start":{"line":21,"column":21},"end":{"line":23,"column":9}},"line":21},"3":{"name":"(anonymous_3)","decl":{"start":{"line":58,"column":23},"end":{"line":58,"column":24}},"loc":{"start":{"line":58,"column":29},"end":{"line":103,"column":1}},"line":58},"4":{"name":"(anonymous_4)","decl":{"start":{"line":61,"column":27},"end":{"line":61,"column":28}},"loc":{"start":{"line":61,"column":33},"end":{"line":71,"column":5}},"line":61},"5":{"name":"(anonymous_5)","decl":{"start":{"line":68,"column":17},"end":{"line":68,"column":18}},"loc":{"start":{"line":68,"column":21},"end":{"line":70,"column":9}},"line":68},"6":{"name":"(anonymous_6)","decl":{"start":{"line":105,"column":23},"end":{"line":105,"column":24}},"loc":{"start":{"line":105,"column":29},"end":{"line":150,"column":1}},"line":105},"7":{"name":"(anonymous_7)","decl":{"start":{"line":108,"column":27},"end":{"line":108,"column":28}},"loc":{"start":{"line":108,"column":33},"end":{"line":118,"column":5}},"line":108},"8":{"name":"(anonymous_8)","decl":{"start":{"line":115,"column":17},"end":{"line":115,"column":18}},"loc":{"start":{"line":115,"column":21},"end":{"line":117,"column":9}},"line":115}},"branchMap":{},"s":{"0":1,"1":1,"2":2,"3":2,"4":0,"5":0,"6":0,"7":2,"8":1,"9":2,"10":2,"11":0,"12":0,"13":0,"14":2,"15":1,"16":2,"17":2,"18":0,"19":0,"20":0,"21":2},"f":{"0":2,"1":0,"2":0,"3":2,"4":0,"5":0,"6":2,"7":0,"8":0},"b":{},"_coverageSchema":"1a1c01bbd47fc00a2c39e90264f33305004495a9","hash":"89069257fcab06e80505879edd2c644f24bd3746"}
,"C:\\Users\\Evan\\Documents\\smart-wand-app\\components\\Colors.js": {"path":"C:\\Users\\Evan\\Documents\\smart-wand-app\\components\\Colors.js","statementMap":{"0":{"start":{"line":1,"column":22},"end":{"line":10,"column":1}}},"fnMap":{},"branchMap":{},"s":{"0":5},"f":{},"b":{},"_coverageSchema":"1a1c01bbd47fc00a2c39e90264f33305004495a9","hash":"2430ed4985fd0b0d8ff709d329d3d0333f19c5f9"}
,"C:\\Users\\Evan\\Documents\\smart-wand-app\\components\\Education.js": {"path":"C:\\Users\\Evan\\Documents\\smart-wand-app\\components\\Education.js","statementMap":{"0":{"start":{"line":11,"column":14},"end":{"line":11,"column":42}},"1":{"start":{"line":14,"column":14},"end":{"line":14,"column":32}},"2":{"start":{"line":17,"column":4},"end":{"line":29,"column":6}},"3":{"start":{"line":19,"column":64},"end":{"line":19,"column":119}},"4":{"start":{"line":22,"column":64},"end":{"line":22,"column":119}},"5":{"start":{"line":25,"column":64},"end":{"line":25,"column":108}},"6":{"start":{"line":32,"column":2},"end":{"line":71,"column":5}},"7":{"start":{"line":74,"column":15},"end":{"line":93,"column":2}}},"fnMap":{"0":{"name":"Education","decl":{"start":{"line":13,"column":16},"end":{"line":13,"column":25}},"loc":{"start":{"line":13,"column":28},"end":{"line":72,"column":1}},"line":13},"1":{"name":"Default","decl":{"start":{"line":16,"column":11},"end":{"line":16,"column":18}},"loc":{"start":{"line":16,"column":21},"end":{"line":30,"column":3}},"line":16},"2":{"name":"(anonymous_2)","decl":{"start":{"line":19,"column":57},"end":{"line":19,"column":58}},"loc":{"start":{"line":19,"column":63},"end":{"line":19,"column":120}},"line":19},"3":{"name":"(anonymous_3)","decl":{"start":{"line":22,"column":57},"end":{"line":22,"column":58}},"loc":{"start":{"line":22,"column":63},"end":{"line":22,"column":120}},"line":22},"4":{"name":"(anonymous_4)","decl":{"start":{"line":25,"column":57},"end":{"line":25,"column":58}},"loc":{"start":{"line":25,"column":63},"end":{"line":25,"column":109}},"line":25}},"branchMap":{"0":{"loc":{"start":{"line":19,"column":64},"end":{"line":19,"column":119}},"type":"binary-expr","locations":[{"start":{"line":19,"column":64},"end":{"line":19,"column":75}},{"start":{"line":19,"column":79},"end":{"line":19,"column":119}}],"line":19},"1":{"loc":{"start":{"line":22,"column":64},"end":{"line":22,"column":119}},"type":"binary-expr","locations":[{"start":{"line":22,"column":64},"end":{"line":22,"column":75}},{"start":{"line":22,"column":79},"end":{"line":22,"column":119}}],"line":22},"2":{"loc":{"start":{"line":25,"column":64},"end":{"line":25,"column":108}},"type":"binary-expr","locations":[{"start":{"line":25,"column":64},"end":{"line":25,"column":75}},{"start":{"line":25,"column":79},"end":{"line":25,"column":108}}],"line":25}},"s":{"0":2,"1":1,"2":1,"3":0,"4":0,"5":0,"6":1,"7":2},"f":{"0":1,"1":1,"2":0,"3":0,"4":0},"b":{"0":[0,0],"1":[0,0],"2":[0,0]},"_coverageSchema":"1a1c01bbd47fc00a2c39e90264f33305004495a9","hash":"0e4decc9701c7d43406d7c8e12202ad0f420d93c"}
,"C:\\Users\\Evan\\Documents\\smart-wand-app\\components\\Progress.js": {"path":"C:\\Users\\Evan\\Documents\\smart-wand-app\\components\\Progress.js","statementMap":{"0":{"start":{"line":11,"column":14},"end":{"line":11,"column":42}},"1":{"start":{"line":14,"column":14},"end":{"line":14,"column":32}},"2":{"start":{"line":17,"column":4},"end":{"line":29,"column":6}},"3":{"start":{"line":19,"column":64},"end":{"line":19,"column":111}},"4":{"start":{"line":22,"column":64},"end":{"line":22,"column":113}},"5":{"start":{"line":25,"column":64},"end":{"line":25,"column":115}},"6":{"start":{"line":32,"column":2},"end":{"line":71,"column":5}},"7":{"start":{"line":74,"column":15},"end":{"line":93,"column":2}}},"fnMap":{"0":{"name":"Progress","decl":{"start":{"line":13,"column":16},"end":{"line":13,"column":24}},"loc":{"start":{"line":13,"column":27},"end":{"line":72,"column":1}},"line":13},"1":{"name":"Default","decl":{"start":{"line":16,"column":11},"end":{"line":16,"column":18}},"loc":{"start":{"line":16,"column":21},"end":{"line":30,"column":3}},"line":16},"2":{"name":"(anonymous_2)","decl":{"start":{"line":19,"column":57},"end":{"line":19,"column":58}},"loc":{"start":{"line":19,"column":63},"end":{"line":19,"column":112}},"line":19},"3":{"name":"(anonymous_3)","decl":{"start":{"line":22,"column":57},"end":{"line":22,"column":58}},"loc":{"start":{"line":22,"column":63},"end":{"line":22,"column":114}},"line":22},"4":{"name":"(anonymous_4)","decl":{"start":{"line":25,"column":57},"end":{"line":25,"column":58}},"loc":{"start":{"line":25,"column":63},"end":{"line":25,"column":116}},"line":25}},"branchMap":{"0":{"loc":{"start":{"line":19,"column":64},"end":{"line":19,"column":111}},"type":"binary-expr","locations":[{"start":{"line":19,"column":64},"end":{"line":19,"column":75}},{"start":{"line":19,"column":79},"end":{"line":19,"column":111}}],"line":19},"1":{"loc":{"start":{"line":22,"column":64},"end":{"line":22,"column":113}},"type":"binary-expr","locations":[{"start":{"line":22,"column":64},"end":{"line":22,"column":75}},{"start":{"line":22,"column":79},"end":{"line":22,"column":113}}],"line":22},"2":{"loc":{"start":{"line":25,"column":64},"end":{"line":25,"column":115}},"type":"binary-expr","locations":[{"start":{"line":25,"column":64},"end":{"line":25,"column":75}},{"start":{"line":25,"column":79},"end":{"line":25,"column":115}}],"line":25}},"s":{"0":2,"1":1,"2":1,"3":0,"4":0,"5":0,"6":1,"7":2},"f":{"0":1,"1":1,"2":0,"3":0,"4":0},"b":{"0":[0,0],"1":[0,0],"2":[0,0]},"_coverageSchema":"1a1c01bbd47fc00a2c39e90264f33305004495a9","hash":"02f098463c3227a2999b14fcc378fc4b90b0f2d1"}
,"C:\\Users\\Evan\\Documents\\smart-wand-app\\components\\Therapy.js": {"path":"C:\\Users\\Evan\\Documents\\smart-wand-app\\components\\Therapy.js","statementMap":{"0":{"start":{"line":15,"column":14},"end":{"line":15,"column":42}},"1":{"start":{"line":18,"column":14},"end":{"line":18,"column":32}},"2":{"start":{"line":21,"column":4},"end":{"line":36,"column":6}},"3":{"start":{"line":23,"column":64},"end":{"line":23,"column":110}},"4":{"start":{"line":26,"column":64},"end":{"line":26,"column":117}},"5":{"start":{"line":29,"column":64},"end":{"line":29,"column":117}},"6":{"start":{"line":32,"column":64},"end":{"line":32,"column":119}},"7":{"start":{"line":39,"column":2},"end":{"line":110,"column":5}},"8":{"start":{"line":113,"column":15},"end":{"line":132,"column":2}}},"fnMap":{"0":{"name":"Therapy","decl":{"start":{"line":17,"column":16},"end":{"line":17,"column":23}},"loc":{"start":{"line":17,"column":26},"end":{"line":111,"column":1}},"line":17},"1":{"name":"Default","decl":{"start":{"line":20,"column":11},"end":{"line":20,"column":18}},"loc":{"start":{"line":20,"column":21},"end":{"line":37,"column":3}},"line":20},"2":{"name":"(anonymous_2)","decl":{"start":{"line":23,"column":57},"end":{"line":23,"column":58}},"loc":{"start":{"line":23,"column":63},"end":{"line":23,"column":111}},"line":23},"3":{"name":"(anonymous_3)","decl":{"start":{"line":26,"column":57},"end":{"line":26,"column":58}},"loc":{"start":{"line":26,"column":63},"end":{"line":26,"column":118}},"line":26},"4":{"name":"(anonymous_4)","decl":{"start":{"line":29,"column":57},"end":{"line":29,"column":58}},"loc":{"start":{"line":29,"column":63},"end":{"line":29,"column":118}},"line":29},"5":{"name":"(anonymous_5)","decl":{"start":{"line":32,"column":57},"end":{"line":32,"column":58}},"loc":{"start":{"line":32,"column":63},"end":{"line":32,"column":120}},"line":32}},"branchMap":{"0":{"loc":{"start":{"line":23,"column":64},"end":{"line":23,"column":110}},"type":"binary-expr","locations":[{"start":{"line":23,"column":64},"end":{"line":23,"column":75}},{"start":{"line":23,"column":79},"end":{"line":23,"column":110}}],"line":23},"1":{"loc":{"start":{"line":26,"column":64},"end":{"line":26,"column":117}},"type":"binary-expr","locations":[{"start":{"line":26,"column":64},"end":{"line":26,"column":75}},{"start":{"line":26,"column":79},"end":{"line":26,"column":117}}],"line":26},"2":{"loc":{"start":{"line":29,"column":64},"end":{"line":29,"column":117}},"type":"binary-expr","locations":[{"start":{"line":29,"column":64},"end":{"line":29,"column":75}},{"start":{"line":29,"column":79},"end":{"line":29,"column":117}}],"line":29},"3":{"loc":{"start":{"line":32,"column":64},"end":{"line":32,"column":119}},"type":"binary-expr","locations":[{"start":{"line":32,"column":64},"end":{"line":32,"column":75}},{"start":{"line":32,"column":79},"end":{"line":32,"column":119}}],"line":32}},"s":{"0":2,"1":1,"2":1,"3":0,"4":0,"5":0,"6":0,"7":1,"8":2},"f":{"0":1,"1":1,"2":0,"3":0,"4":0,"5":0},"b":{"0":[0,0],"1":[0,0],"2":[0,0],"3":[0,0]},"_coverageSchema":"1a1c01bbd47fc00a2c39e90264f33305004495a9","hash":"aebfc691ecf1ca98bfd3e5bcfb6cf8d891bf6110"}
,"C:\\Users\\Evan\\Documents\\smart-wand-app\\routes\\Achievements.js": {"path":"C:\\Users\\Evan\\Documents\\smart-wand-app\\routes\\Achievements.js","statementMap":{"0":{"start":{"line":5,"column":4},"end":{"line":9,"column":8}},"1":{"start":{"line":12,"column":15},"end":{"line":19,"column":4}}},"fnMap":{"0":{"name":"Achievements","decl":{"start":{"line":4,"column":16},"end":{"line":4,"column":28}},"loc":{"start":{"line":4,"column":31},"end":{"line":10,"column":1}},"line":4}},"branchMap":{},"s":{"0":0,"1":2},"f":{"0":0},"b":{},"_coverageSchema":"1a1c01bbd47fc00a2c39e90264f33305004495a9","hash":"db3be7732b0dfefe4ee8179e047e156f4e3f6c52"}
,"C:\\Users\\Evan\\Documents\\smart-wand-app\\routes\\Articles.js": {"path":"C:\\Users\\Evan\\Documents\\smart-wand-app\\routes\\Articles.js","statementMap":{"0":{"start":{"line":6,"column":4},"end":{"line":18,"column":8}},"1":{"start":{"line":8,"column":68},"end":{"line":8,"column":105}},"2":{"start":{"line":11,"column":66},"end":{"line":11,"column":103}},"3":{"start":{"line":14,"column":66},"end":{"line":14,"column":103}},"4":{"start":{"line":21,"column":15},"end":{"line":40,"column":4}}},"fnMap":{"0":{"name":"Articles","decl":{"start":{"line":5,"column":16},"end":{"line":5,"column":24}},"loc":{"start":{"line":5,"column":27},"end":{"line":19,"column":1}},"line":5},"1":{"name":"(anonymous_1)","decl":{"start":{"line":8,"column":63},"end":{"line":8,"column":64}},"loc":{"start":{"line":8,"column":67},"end":{"line":8,"column":106}},"line":8},"2":{"name":"(anonymous_2)","decl":{"start":{"line":11,"column":61},"end":{"line":11,"column":62}},"loc":{"start":{"line":11,"column":65},"end":{"line":11,"column":104}},"line":11},"3":{"name":"(anonymous_3)","decl":{"start":{"line":14,"column":61},"end":{"line":14,"column":62}},"loc":{"start":{"line":14,"column":65},"end":{"line":14,"column":104}},"line":14}},"branchMap":{},"s":{"0":0,"1":0,"2":0,"3":0,"4":2},"f":{"0":0,"1":0,"2":0,"3":0},"b":{},"_coverageSchema":"1a1c01bbd47fc00a2c39e90264f33305004495a9","hash":"19e24c13e877740fbadbd536ba0cc1a3e6d7c52a"}
,"C:\\Users\\Evan\\Documents\\smart-wand-app\\routes\\Challenges.js": {"path":"C:\\Users\\Evan\\Documents\\smart-wand-app\\routes\\Challenges.js","statementMap":{"0":{"start":{"line":5,"column":4},"end":{"line":9,"column":8}},"1":{"start":{"line":12,"column":15},"end":{"line":19,"column":4}}},"fnMap":{"0":{"name":"Challenges","decl":{"start":{"line":4,"column":16},"end":{"line":4,"column":26}},"loc":{"start":{"line":4,"column":29},"end":{"line":10,"column":1}},"line":4}},"branchMap":{},"s":{"0":0,"1":2},"f":{"0":0},"b":{},"_coverageSchema":"1a1c01bbd47fc00a2c39e90264f33305004495a9","hash":"f37a7359e834dc030647cb0ad41968ea6baa5343"}
,"C:\\Users\\Evan\\Documents\\smart-wand-app\\routes\\Discovery.js": {"path":"C:\\Users\\Evan\\Documents\\smart-wand-app\\routes\\Discovery.js","statementMap":{"0":{"start":{"line":5,"column":4},"end":{"line":9,"column":8}},"1":{"start":{"line":12,"column":15},"end":{"line":19,"column":4}}},"fnMap":{"0":{"name":"Discovery","decl":{"start":{"line":4,"column":16},"end":{"line":4,"column":25}},"loc":{"start":{"line":4,"column":28},"end":{"line":10,"column":1}},"line":4}},"branchMap":{},"s":{"0":0,"1":2},"f":{"0":0},"b":{},"_coverageSchema":"1a1c01bbd47fc00a2c39e90264f33305004495a9","hash":"8c4cc2aa001d2b5f4ab38bffe98496e62e15bbd8"}
,"C:\\Users\\Evan\\Documents\\smart-wand-app\\routes\\Firm.js": {"path":"C:\\Users\\Evan\\Documents\\smart-wand-app\\routes\\Firm.js","statementMap":{"0":{"start":{"line":5,"column":4},"end":{"line":9,"column":6}},"1":{"start":{"line":12,"column":15},"end":{"line":19,"column":4}}},"fnMap":{"0":{"name":"Firm","decl":{"start":{"line":4,"column":16},"end":{"line":4,"column":20}},"loc":{"start":{"line":4,"column":22},"end":{"line":10,"column":1}},"line":4}},"branchMap":{},"s":{"0":0,"1":2},"f":{"0":0},"b":{},"_coverageSchema":"1a1c01bbd47fc00a2c39e90264f33305004495a9","hash":"31b09e0ff976835bc7f22ee3d727ce5b1faee0cc"}
,"C:\\Users\\Evan\\Documents\\smart-wand-app\\routes\\Forum.js": {"path":"C:\\Users\\Evan\\Documents\\smart-wand-app\\routes\\Forum.js","statementMap":{"0":{"start":{"line":5,"column":4},"end":{"line":9,"column":8}},"1":{"start":{"line":12,"column":15},"end":{"line":19,"column":4}}},"fnMap":{"0":{"name":"Forum","decl":{"start":{"line":4,"column":16},"end":{"line":4,"column":21}},"loc":{"start":{"line":4,"column":24},"end":{"line":10,"column":1}},"line":4}},"branchMap":{},"s":{"0":0,"1":2},"f":{"0":0},"b":{},"_coverageSchema":"1a1c01bbd47fc00a2c39e90264f33305004495a9","hash":"4c2b41b1fe528922ee7d0adf2bfbb931c6537a64"}
,"C:\\Users\\Evan\\Documents\\smart-wand-app\\routes\\Manual.js": {"path":"C:\\Users\\Evan\\Documents\\smart-wand-app\\routes\\Manual.js","statementMap":{"0":{"start":{"line":5,"column":4},"end":{"line":9,"column":8}},"1":{"start":{"line":12,"column":15},"end":{"line":19,"column":4}}},"fnMap":{"0":{"name":"Manual","decl":{"start":{"line":4,"column":16},"end":{"line":4,"column":22}},"loc":{"start":{"line":4,"column":25},"end":{"line":10,"column":1}},"line":4}},"branchMap":{},"s":{"0":0,"1":2},"f":{"0":0},"b":{},"_coverageSchema":"1a1c01bbd47fc00a2c39e90264f33305004495a9","hash":"5abedfa472548c1675bb3610db37d1008400adbc"}
,"C:\\Users\\Evan\\Documents\\smart-wand-app\\routes\\Moderate.js": {"path":"C:\\Users\\Evan\\Documents\\smart-wand-app\\routes\\Moderate.js","statementMap":{"0":{"start":{"line":5,"column":4},"end":{"line":9,"column":6}},"1":{"start":{"line":12,"column":15},"end":{"line":19,"column":4}}},"fnMap":{"0":{"name":"Moderate","decl":{"start":{"line":4,"column":16},"end":{"line":4,"column":24}},"loc":{"start":{"line":4,"column":26},"end":{"line":10,"column":1}},"line":4}},"branchMap":{},"s":{"0":0,"1":2},"f":{"0":0},"b":{},"_coverageSchema":"1a1c01bbd47fc00a2c39e90264f33305004495a9","hash":"f1ef846df071387fd889ea175104d84e0daafe98"}
,"C:\\Users\\Evan\\Documents\\smart-wand-app\\routes\\Overview.js": {"path":"C:\\Users\\Evan\\Documents\\smart-wand-app\\routes\\Overview.js","statementMap":{"0":{"start":{"line":8,"column":4},"end":{"line":38,"column":8}},"1":{"start":{"line":41,"column":15},"end":{"line":74,"column":4}}},"fnMap":{"0":{"name":"Overview","decl":{"start":{"line":7,"column":16},"end":{"line":7,"column":24}},"loc":{"start":{"line":7,"column":27},"end":{"line":39,"column":1}},"line":7}},"branchMap":{},"s":{"0":0,"1":2},"f":{"0":0},"b":{},"_coverageSchema":"1a1c01bbd47fc00a2c39e90264f33305004495a9","hash":"8270851f4132cdd4f51d269edbfa356711a0563c"}
,"C:\\Users\\Evan\\Documents\\smart-wand-app\\routes\\Personal.js": {"path":"C:\\Users\\Evan\\Documents\\smart-wand-app\\routes\\Personal.js","statementMap":{"0":{"start":{"line":5,"column":4},"end":{"line":9,"column":8}},"1":{"start":{"line":12,"column":15},"end":{"line":19,"column":4}}},"fnMap":{"0":{"name":"Personal","decl":{"start":{"line":4,"column":16},"end":{"line":4,"column":24}},"loc":{"start":{"line":4,"column":27},"end":{"line":10,"column":1}},"line":4}},"branchMap":{},"s":{"0":0,"1":2},"f":{"0":0},"b":{},"_coverageSchema":"1a1c01bbd47fc00a2c39e90264f33305004495a9","hash":"0f20ed63dad3b0954b74d97a6e277a3b5afd6844"}
,"C:\\Users\\Evan\\Documents\\smart-wand-app\\routes\\Premade.js": {"path":"C:\\Users\\Evan\\Documents\\smart-wand-app\\routes\\Premade.js","statementMap":{"0":{"start":{"line":8,"column":14},"end":{"line":8,"column":42}},"1":{"start":{"line":12,"column":2},"end":{"line":26,"column":4}},"2":{"start":{"line":15,"column":64},"end":{"line":15,"column":80}},"3":{"start":{"line":18,"column":64},"end":{"line":18,"column":84}},"4":{"start":{"line":21,"column":64},"end":{"line":21,"column":80}},"5":{"start":{"line":29,"column":15},"end":{"line":48,"column":2}}},"fnMap":{"0":{"name":"Premade","decl":{"start":{"line":10,"column":16},"end":{"line":10,"column":23}},"loc":{"start":{"line":10,"column":50},"end":{"line":27,"column":1}},"line":10},"1":{"name":"(anonymous_1)","decl":{"start":{"line":15,"column":57},"end":{"line":15,"column":58}},"loc":{"start":{"line":15,"column":63},"end":{"line":15,"column":81}},"line":15},"2":{"name":"(anonymous_2)","decl":{"start":{"line":18,"column":57},"end":{"line":18,"column":58}},"loc":{"start":{"line":18,"column":63},"end":{"line":18,"column":85}},"line":18},"3":{"name":"(anonymous_3)","decl":{"start":{"line":21,"column":57},"end":{"line":21,"column":58}},"loc":{"start":{"line":21,"column":63},"end":{"line":21,"column":81}},"line":21}},"branchMap":{},"s":{"0":2,"1":0,"2":0,"3":0,"4":0,"5":2},"f":{"0":0,"1":0,"2":0,"3":0},"b":{},"_coverageSchema":"1a1c01bbd47fc00a2c39e90264f33305004495a9","hash":"26cc1d97527d6ce15033d6f7d89b45c955209f63"}
,"C:\\Users\\Evan\\Documents\\smart-wand-app\\routes\\Soft.js": {"path":"C:\\Users\\Evan\\Documents\\smart-wand-app\\routes\\Soft.js","statementMap":{"0":{"start":{"line":5,"column":4},"end":{"line":9,"column":6}},"1":{"start":{"line":12,"column":15},"end":{"line":19,"column":4}}},"fnMap":{"0":{"name":"Soft","decl":{"start":{"line":4,"column":16},"end":{"line":4,"column":20}},"loc":{"start":{"line":4,"column":34},"end":{"line":10,"column":1}},"line":4}},"branchMap":{},"s":{"0":0,"1":2},"f":{"0":0},"b":{},"_coverageSchema":"1a1c01bbd47fc00a2c39e90264f33305004495a9","hash":"5ecb6a5f34c37bb4c439955ee6547b92cce0d3da"}
,"C:\\Users\\Evan\\Documents\\smart-wand-app\\routes\\Tutorial.js": {"path":"C:\\Users\\Evan\\Documents\\smart-wand-app\\routes\\Tutorial.js","statementMap":{"0":{"start":{"line":5,"column":4},"end":{"line":9,"column":8}},"1":{"start":{"line":12,"column":15},"end":{"line":19,"column":4}}},"fnMap":{"0":{"name":"Tutorial","decl":{"start":{"line":4,"column":16},"end":{"line":4,"column":24}},"loc":{"start":{"line":4,"column":39},"end":{"line":10,"column":1}},"line":4}},"branchMap":{},"s":{"0":0,"1":2},"f":{"0":0},"b":{},"_coverageSchema":"1a1c01bbd47fc00a2c39e90264f33305004495a9","hash":"5fc4c1d56045511b9ec735ab1c0ab3806ae3793f"}
}
