TN:
SF:App.js
FN:24,Tabs
FN:37,(anonymous_1)
FN:47,(anonymous_2)
FN:57,(anonymous_3)
FN:67,(anonymous_4)
FN:78,SignInScreen
FN:121,(anonymous_6)
FN:128,(anonymous_7)
FN:135,(anonymous_8)
FN:143,App
FN:145,(anonymous_10)
FN:179,(anonymous_11)
FN:181,(anonymous_12)
FN:201,(anonymous_13)
FN:202,(anonymous_14)
FN:210,(anonymous_15)
FN:211,(anonymous_16)
FNF:17
FNH:5
FNDA:0,Tabs
FNDA:0,(anonymous_1)
FNDA:0,(anonymous_2)
FNDA:0,(anonymous_3)
FNDA:0,(anonymous_4)
FNDA:2,SignInScreen
FNDA:0,(anonymous_6)
FNDA:0,(anonymous_7)
FNDA:0,(anonymous_8)
FNDA:2,App
FNDA:0,(anonymous_10)
FNDA:2,(anonymous_11)
FNDA:2,(anonymous_12)
FNDA:2,(anonymous_13)
FNDA:0,(anonymous_14)
FNDA:0,(anonymous_15)
FNDA:0,(anonymous_16)
DA:21,1
DA:22,1
DA:25,0
DA:38,0
DA:48,0
DA:58,0
DA:68,0
DA:76,1
DA:79,2
DA:80,2
DA:82,2
DA:84,2
DA:128,0
DA:144,2
DA:146,0
DA:148,0
DA:154,0
DA:160,0
DA:179,2
DA:181,2
DA:184,2
DA:185,2
DA:194,0
DA:197,2
DA:200,2
DA:201,2
DA:208,0
DA:210,0
DA:217,0
DA:223,2
DA:259,1
LF:31
LH:17
BRDA:146,0,0,0
BRDA:146,0,1,0
BRDA:146,0,2,0
BRDA:227,1,0,2
BRDA:227,1,1,0
BRDA:241,2,0,0
BRDA:241,2,1,2
BRF:7
BRH:2
end_of_record
TN:
SF:components\Account.js
FN:10,Account
FN:19,Default
FN:23,(anonymous_2)
FNF:3
FNH:2
FNDA:1,Account
FNDA:1,Default
FNDA:0,(anonymous_2)
DA:8,2
DA:11,1
DA:20,1
DA:23,0
DA:30,1
DA:41,2
LF:6
LH:5
BRDA:23,0,0,0
BRDA:23,0,1,0
BRF:2
BRH:0
end_of_record
TN:
SF:components\AuthContext.js
FNF:0
FNH:0
DA:3,1
LF:1
LH:1
BRF:0
BRH:0
end_of_record
TN:
SF:components\Background.js
FN:11,(anonymous_0)
FN:14,(anonymous_1)
FN:21,(anonymous_2)
FN:58,(anonymous_3)
FN:61,(anonymous_4)
FN:68,(anonymous_5)
FN:105,(anonymous_6)
FN:108,(anonymous_7)
FN:115,(anonymous_8)
FNF:9
FNH:3
FNDA:2,(anonymous_0)
FNDA:0,(anonymous_1)
FNDA:0,(anonymous_2)
FNDA:2,(anonymous_3)
FNDA:0,(anonymous_4)
FNDA:0,(anonymous_5)
FNDA:2,(anonymous_6)
FNDA:0,(anonymous_7)
FNDA:0,(anonymous_8)
DA:6,1
DA:11,1
DA:12,2
DA:14,2
DA:15,0
DA:16,0
DA:22,0
DA:26,2
DA:58,1
DA:59,2
DA:61,2
DA:62,0
DA:63,0
DA:69,0
DA:73,2
DA:105,1
DA:106,2
DA:108,2
DA:109,0
DA:110,0
DA:116,0
DA:120,2
LF:22
LH:13
BRF:0
BRH:0
end_of_record
TN:
SF:components\Colors.js
FNF:0
FNH:0
DA:1,5
LF:1
LH:1
BRF:0
BRH:0
end_of_record
TN:
SF:components\Education.js
FN:13,Education
FN:16,Default
FN:19,(anonymous_2)
FN:22,(anonymous_3)
FN:25,(anonymous_4)
FNF:5
FNH:2
FNDA:1,Education
FNDA:1,Default
FNDA:0,(anonymous_2)
FNDA:0,(anonymous_3)
FNDA:0,(anonymous_4)
DA:11,2
DA:14,1
DA:17,1
DA:19,0
DA:22,0
DA:25,0
DA:32,1
DA:74,2
LF:8
LH:5
BRDA:19,0,0,0
BRDA:19,0,1,0
BRDA:22,1,0,0
BRDA:22,1,1,0
BRDA:25,2,0,0
BRDA:25,2,1,0
BRF:6
BRH:0
end_of_record
TN:
SF:components\Progress.js
FN:13,Progress
FN:16,Default
FN:19,(anonymous_2)
FN:22,(anonymous_3)
FN:25,(anonymous_4)
FNF:5
FNH:2
FNDA:1,Progress
FNDA:1,Default
FNDA:0,(anonymous_2)
FNDA:0,(anonymous_3)
FNDA:0,(anonymous_4)
DA:11,2
DA:14,1
DA:17,1
DA:19,0
DA:22,0
DA:25,0
DA:32,1
DA:74,2
LF:8
LH:5
BRDA:19,0,0,0
BRDA:19,0,1,0
BRDA:22,1,0,0
BRDA:22,1,1,0
BRDA:25,2,0,0
BRDA:25,2,1,0
BRF:6
BRH:0
end_of_record
TN:
SF:components\Therapy.js
FN:17,Therapy
FN:20,Default
FN:23,(anonymous_2)
FN:26,(anonymous_3)
FN:29,(anonymous_4)
FN:32,(anonymous_5)
FNF:6
FNH:2
FNDA:1,Therapy
FNDA:1,Default
FNDA:0,(anonymous_2)
FNDA:0,(anonymous_3)
FNDA:0,(anonymous_4)
FNDA:0,(anonymous_5)
DA:15,2
DA:18,1
DA:21,1
DA:23,0
DA:26,0
DA:29,0
DA:32,0
DA:39,1
DA:113,2
LF:9
LH:5
BRDA:23,0,0,0
BRDA:23,0,1,0
BRDA:26,1,0,0
BRDA:26,1,1,0
BRDA:29,2,0,0
BRDA:29,2,1,0
BRDA:32,3,0,0
BRDA:32,3,1,0
BRF:8
BRH:0
end_of_record
TN:
SF:routes\Achievements.js
FN:4,Achievements
FNF:1
FNH:0
FNDA:0,Achievements
DA:5,0
DA:12,2
LF:2
LH:1
BRF:0
BRH:0
end_of_record
TN:
SF:routes\Articles.js
FN:5,Articles
FN:8,(anonymous_1)
FN:11,(anonymous_2)
FN:14,(anonymous_3)
FNF:4
FNH:0
FNDA:0,Articles
FNDA:0,(anonymous_1)
FNDA:0,(anonymous_2)
FNDA:0,(anonymous_3)
DA:6,0
DA:8,0
DA:11,0
DA:14,0
DA:21,2
LF:5
LH:1
BRF:0
BRH:0
end_of_record
TN:
SF:routes\Challenges.js
FN:4,Challenges
FNF:1
FNH:0
FNDA:0,Challenges
DA:5,0
DA:12,2
LF:2
LH:1
BRF:0
BRH:0
end_of_record
TN:
SF:routes\Discovery.js
FN:4,Discovery
FNF:1
FNH:0
FNDA:0,Discovery
DA:5,0
DA:12,2
LF:2
LH:1
BRF:0
BRH:0
end_of_record
TN:
SF:routes\Firm.js
FN:4,Firm
FNF:1
FNH:0
FNDA:0,Firm
DA:5,0
DA:12,2
LF:2
LH:1
BRF:0
BRH:0
end_of_record
TN:
SF:routes\Forum.js
FN:4,Forum
FNF:1
FNH:0
FNDA:0,Forum
DA:5,0
DA:12,2
LF:2
LH:1
BRF:0
BRH:0
end_of_record
TN:
SF:routes\Manual.js
FN:4,Manual
FNF:1
FNH:0
FNDA:0,Manual
DA:5,0
DA:12,2
LF:2
LH:1
BRF:0
BRH:0
end_of_record
TN:
SF:routes\Moderate.js
FN:4,Moderate
FNF:1
FNH:0
FNDA:0,Moderate
DA:5,0
DA:12,2
LF:2
LH:1
BRF:0
BRH:0
end_of_record
TN:
SF:routes\Overview.js
FN:7,Overview
FNF:1
FNH:0
FNDA:0,Overview
DA:8,0
DA:41,2
LF:2
LH:1
BRF:0
BRH:0
end_of_record
TN:
SF:routes\Personal.js
FN:4,Personal
FNF:1
FNH:0
FNDA:0,Personal
DA:5,0
DA:12,2
LF:2
LH:1
BRF:0
BRH:0
end_of_record
TN:
SF:routes\Premade.js
FN:10,Premade
FN:15,(anonymous_1)
FN:18,(anonymous_2)
FN:21,(anonymous_3)
FNF:4
FNH:0
FNDA:0,Premade
FNDA:0,(anonymous_1)
FNDA:0,(anonymous_2)
FNDA:0,(anonymous_3)
DA:8,2
DA:12,0
DA:15,0
DA:18,0
DA:21,0
DA:29,2
LF:6
LH:2
BRF:0
BRH:0
end_of_record
TN:
SF:routes\Soft.js
FN:4,Soft
FNF:1
FNH:0
FNDA:0,Soft
DA:5,0
DA:12,2
LF:2
LH:1
BRF:0
BRH:0
end_of_record
TN:
SF:routes\Tutorial.js
FN:4,Tutorial
FNF:1
FNH:0
FNDA:0,Tutorial
DA:5,0
DA:12,2
LF:2
LH:1
BRF:0
BRH:0
end_of_record
